2024-11-14 07:47:29 Loading main app package /usr/lib/obsidian/obsidian.asar
2024-11-14 07:47:29 Checking for update using Github
2024-11-14 07:47:29 Success.
2024-11-14 07:47:29 Latest version is 1.7.6
2024-11-14 07:47:29 App is up to date.
2024-11-14 08:47:30 Checking for update using Github
2024-11-14 08:47:30 Success.
2024-11-14 08:47:30 Latest version is 1.7.6
2024-11-14 08:47:30 App is up to date.
2024-11-14 09:59:59 Checking for update using Github
2024-11-14 09:59:59 Success.
2024-11-14 09:59:59 Latest version is 1.7.6
2024-11-14 09:59:59 App is up to date.
2024-11-14 10:59:59 Checking for update using Github
2024-11-14 10:59:59 Success.
2024-11-14 10:59:59 Latest version is 1.7.6
2024-11-14 10:59:59 App is up to date.
2024-11-14 13:32:08 Checking for update using Github
2024-11-14 13:32:08 Success.
2024-11-14 13:32:08 Latest version is 1.7.6
2024-11-14 13:32:08 App is up to date.
2024-11-14 14:32:08 Checking for update using Github
2024-11-14 14:32:08 Success.
2024-11-14 14:32:08 Latest version is 1.7.6
2024-11-14 14:32:08 App is up to date.
2024-11-19 13:23:08 Loading main app package /usr/lib/obsidian/obsidian.asar
2024-11-19 13:23:09 Checking for update using Github
2024-11-19 13:23:09 Success.
2024-11-19 13:23:09 Latest version is 1.7.7
2024-11-19 13:23:09 Downloading update from https://github.com/obsidianmd/obsidian-releases/releases/download/v1.7.7/obsidian-1.7.7.asar.gz
2024-11-19 13:23:10 Verifying hash & signature. Size= 8000009
2024-11-19 13:23:10 Saving file
2024-11-19 13:23:11 Update complete.
2024-11-19 13:23:20 Loading updated app package /home/apdo/.config/obsidian/obsidian-1.7.7.asar
2024-11-19 13:23:20 Checking for update using Github
2024-11-19 13:23:20 Success.
2024-11-19 13:23:20 Latest version is 1.7.7
2024-11-19 13:23:20 App is up to date.
2024-11-25 08:46:52 Loading main app package /usr/lib/obsidian/obsidian.asar
2024-11-25 08:46:52 Checking for update using Github
2024-11-25 08:46:52 Success.
2024-11-25 08:46:52 Latest version is 1.7.7
2024-11-25 08:46:52 App is up to date.
2024-11-25 09:52:35 Checking for update using Github
2024-11-25 09:52:36 Success.
2024-11-25 09:52:36 Latest version is 1.7.7
2024-11-25 09:52:36 App is up to date.
2024-11-25 10:52:36 Checking for update using Github
2024-11-25 10:52:36 Success.
2024-11-25 10:52:36 Latest version is 1.7.7
2024-11-25 10:52:36 App is up to date.
2024-11-25 13:55:43 Loading main app package /usr/lib/obsidian/obsidian.asar
2024-11-25 13:55:43 Checking for update using Github
2024-11-25 14:25:05 Checking for update using Github
2024-11-25 14:25:05 Success.
2024-11-25 14:25:05 Latest version is 1.7.7
2024-11-25 14:25:05 App is up to date.
2024-11-25 14:56:12 Loading main app package /usr/lib/obsidian/obsidian.asar
2024-11-25 14:56:12 Checking for update using Github
2024-11-25 14:56:13 Success.
2024-11-25 14:56:13 Latest version is 1.7.7
2024-11-25 14:56:13 App is up to date.
2024-11-25 14:57:59 Loading main app package /usr/lib/obsidian/obsidian.asar
2024-11-25 14:57:59 Checking for update using Github
2024-11-25 14:58:04 Loading main app package /usr/lib/obsidian/obsidian.asar
2024-11-25 14:58:05 Checking for update using Github
2024-11-25 14:58:09 Loading main app package /usr/lib/obsidian/obsidian.asar
2024-11-25 14:58:09 Checking for update using Github
2024-11-25 14:58:09 Success.
2024-11-25 14:58:09 Latest version is 1.7.7
2024-11-25 14:58:09 App is up to date.
2024-11-25 14:58:14 Loading main app package /usr/lib/obsidian/obsidian.asar
2024-11-25 14:58:14 Checking for update using Github
2024-11-25 14:58:14 Success.
2024-11-25 14:58:14 Latest version is 1.7.7
2024-11-25 14:58:14 App is up to date.
2024-11-25 15:00:23 Loading main app package /usr/lib/obsidian/obsidian.asar
2024-11-25 15:00:24 Checking for update using Github
2024-11-25 15:00:24 Success.
2024-11-25 15:00:24 Latest version is 1.7.7
2024-11-25 15:00:24 App is up to date.
2024-11-25 16:07:33 Loading main app package /usr/lib/obsidian/obsidian.asar
2024-11-25 16:07:33 Checking for update using Github
2024-11-25 16:07:33 Success.
2024-11-25 16:07:33 Latest version is 1.7.7
2024-11-25 16:07:33 App is up to date.
2024-11-26 12:36:16 Loading main app package /usr/lib/obsidian/obsidian.asar
2024-11-26 12:36:16 Checking for update using Github
2024-11-26 12:36:17 Success.
2024-11-26 12:36:17 Latest version is 1.7.7
2024-11-26 12:36:17 App is up to date.
2024-11-26 15:03:19 Checking for update using Github
2024-11-26 15:03:20 Success.
2024-11-26 15:03:20 Latest version is 1.7.7
2024-11-26 15:03:20 App is up to date.
2024-11-26 16:25:11 Checking for update using Github
2024-11-26 16:25:11 Success.
2024-11-26 16:25:11 Latest version is 1.7.7
2024-11-26 16:25:11 App is up to date.
2024-11-26 17:25:11 Checking for update using Github
2024-11-26 17:25:11 Success.
2024-11-26 17:25:11 Latest version is 1.7.7
2024-11-26 17:25:11 App is up to date.
2024-11-27 23:32:41 Loading main app package /usr/lib/obsidian/obsidian.asar
2024-11-27 23:32:41 Checking for update using Github
2024-11-27 23:32:42 Success.
2024-11-27 23:32:42 Latest version is 1.7.7
2024-11-27 23:32:42 App is up to date.
2024-11-28 07:59:13 Checking for update using Github
2024-11-28 07:59:13 Success.
2024-11-28 07:59:13 Latest version is 1.7.7
2024-11-28 07:59:13 App is up to date.
2024-11-28 09:09:52 Checking for update using Github
2024-11-28 09:09:52 Success.
2024-11-28 09:09:52 Latest version is 1.7.7
2024-11-28 09:09:52 App is up to date.
2024-11-28 11:05:35 Checking for update using Github
2024-11-28 11:05:36 Success.
2024-11-28 11:05:36 Latest version is 1.7.7
2024-11-28 11:05:36 App is up to date.
2024-11-28 12:33:55 Checking for update using Github
2024-11-28 12:33:55 Success.
2024-11-28 12:33:55 Latest version is 1.7.7
2024-11-28 12:33:55 App is up to date.
2024-11-28 13:04:40 Loading main app package /usr/lib/obsidian/obsidian.asar
2024-11-28 13:04:40 Checking for update using Github
2024-11-28 13:38:20 Checking for update using Github
2024-11-28 13:38:21 Success.
2024-11-28 13:38:21 Latest version is 1.7.7
2024-11-28 13:38:21 App is up to date.
2024-11-28 14:47:08 Checking for update using Github
2024-11-28 14:47:08 Success.
2024-11-28 14:47:08 Latest version is 1.7.7
2024-11-28 14:47:08 App is up to date.
2024-11-28 16:18:11 Checking for update using Github
2024-11-28 16:18:12 Success.
2024-11-28 16:18:12 Latest version is 1.7.7
2024-11-28 16:18:12 App is up to date.
2024-11-29 08:35:59 Loading main app package /usr/lib/obsidian/obsidian.asar
2024-11-29 08:35:59 Checking for update using Github
2024-11-29 08:36:00 Success.
2024-11-29 08:36:00 Latest version is 1.7.7
2024-11-29 08:36:00 App is up to date.
2024-11-29 10:07:26 Checking for update using Github
2024-11-29 10:07:26 Success.
2024-11-29 10:07:26 Latest version is 1.7.7
2024-11-29 10:07:26 App is up to date.
2024-11-29 11:07:26 Checking for update using Github
2024-11-29 11:07:26 Success.
2024-11-29 11:07:26 Latest version is 1.7.7
2024-11-29 11:07:26 App is up to date.
2024-12-01 18:42:11 Loading main app package /usr/lib/obsidian/obsidian.asar
2024-12-01 18:42:12 Checking for update using Github
2024-12-01 18:42:12 Success.
2024-12-01 18:42:12 Latest version is 1.7.7
2024-12-01 18:42:12 App is up to date.
2024-12-01 19:42:11 Checking for update using Github
2024-12-01 19:42:12 Success.
2024-12-01 19:42:12 Latest version is 1.7.7
2024-12-01 19:42:12 App is up to date.
2024-12-01 20:42:11 Checking for update using Github
2024-12-01 20:42:12 Success.
2024-12-01 20:42:12 Latest version is 1.7.7
2024-12-01 20:42:12 App is up to date.
2024-12-01 22:14:45 Checking for update using Github
2024-12-01 22:14:45 Success.
2024-12-01 22:14:45 Latest version is 1.7.7
2024-12-01 22:14:45 App is up to date.
2024-12-01 23:14:45 Checking for update using Github
2024-12-01 23:14:45 Success.
2024-12-01 23:14:45 Latest version is 1.7.7
2024-12-01 23:14:45 App is up to date.
2024-12-02 00:14:45 Checking for update using Github
2024-12-02 00:14:45 Success.
2024-12-02 00:14:45 Latest version is 1.7.7
2024-12-02 00:14:45 App is up to date.
2024-12-02 08:27:45 Checking for update using Github
2024-12-02 08:27:45 Success.
2024-12-02 08:27:45 Latest version is 1.7.7
2024-12-02 08:27:45 App is up to date.
2024-12-02 09:27:46 Checking for update using Github
2024-12-02 09:27:46 Success.
2024-12-02 09:27:46 Latest version is 1.7.7
2024-12-02 09:27:46 App is up to date.
2024-12-02 10:43:05 Loading main app package /usr/lib/obsidian/obsidian.asar
2024-12-02 10:43:05 Checking for update using Github
2024-12-02 10:43:06 Success.
2024-12-02 10:43:06 Latest version is 1.7.7
2024-12-02 10:43:06 App is up to date.
2024-12-02 12:20:29 Checking for update using Github
2024-12-02 12:20:29 Success.
2024-12-02 12:20:29 Latest version is 1.7.7
2024-12-02 12:20:29 App is up to date.
2024-12-02 13:20:29 Checking for update using Github
2024-12-02 13:20:29 Success.
2024-12-02 13:20:29 Latest version is 1.7.7
2024-12-02 13:20:29 App is up to date.
2024-12-02 14:53:48 Checking for update using Github
2024-12-02 14:53:48 Success.
2024-12-02 14:53:48 Latest version is 1.7.7
2024-12-02 14:53:48 App is up to date.
2024-12-02 19:39:08 Checking for update using Github
2024-12-02 19:39:08 Success.
2024-12-02 19:39:08 Latest version is 1.7.7
2024-12-02 19:39:08 App is up to date.
2024-12-02 22:52:19 Checking for update using Github
2024-12-02 22:52:19 Success.
2024-12-02 22:52:19 Latest version is 1.7.7
2024-12-02 22:52:19 App is up to date.
2024-12-03 07:56:55 Checking for update using Github
2024-12-03 07:56:55 Success.
2024-12-03 07:56:55 Latest version is 1.7.7
2024-12-03 07:56:55 App is up to date.
2024-12-03 08:56:55 Checking for update using Github
2024-12-03 08:56:55 Success.
2024-12-03 08:56:55 Latest version is 1.7.7
2024-12-03 08:56:55 App is up to date.
2024-12-03 10:49:33 Checking for update using Github
2024-12-03 10:49:33 Success.
2024-12-03 10:49:33 Latest version is 1.7.7
2024-12-03 10:49:33 App is up to date.
2024-12-03 11:49:33 Checking for update using Github
2024-12-03 11:49:33 Success.
2024-12-03 11:49:33 Latest version is 1.7.7
2024-12-03 11:49:33 App is up to date.
2024-12-03 12:49:33 Checking for update using Github
2024-12-03 12:49:33 Success.
2024-12-03 12:49:33 Latest version is 1.7.7
2024-12-03 12:49:33 App is up to date.
2024-12-03 13:49:33 Checking for update using Github
2024-12-03 13:49:33 Success.
2024-12-03 13:49:33 Latest version is 1.7.7
2024-12-03 13:49:33 App is up to date.
2024-12-03 14:49:33 Checking for update using Github
2024-12-03 14:49:33 Success.
2024-12-03 14:49:33 Latest version is 1.7.7
2024-12-03 14:49:33 App is up to date.
2024-12-03 15:49:33 Checking for update using Github
2024-12-03 15:49:33 Success.
2024-12-03 15:49:33 Latest version is 1.7.7
2024-12-03 15:49:33 App is up to date.
2024-12-04 08:23:52 Checking for update using Github
2024-12-04 08:23:52 Success.
2024-12-04 08:23:52 Latest version is 1.7.7
2024-12-04 08:23:52 App is up to date.
2024-12-04 09:23:52 Checking for update using Github
2024-12-04 09:23:52 Success.
2024-12-04 09:23:52 Latest version is 1.7.7
2024-12-04 09:23:52 App is up to date.
2024-12-04 10:23:52 Checking for update using Github
2024-12-04 10:23:52 Success.
2024-12-04 10:23:52 Latest version is 1.7.7
2024-12-04 10:23:52 App is up to date.
2024-12-04 11:23:52 Checking for update using Github
2024-12-04 11:23:52 Success.
2024-12-04 11:23:52 Latest version is 1.7.7
2024-12-04 11:23:52 App is up to date.
2024-12-04 12:23:52 Checking for update using Github
2024-12-04 12:23:53 Success.
2024-12-04 12:23:53 Latest version is 1.7.7
2024-12-04 12:23:53 App is up to date.
2024-12-04 13:23:53 Checking for update using Github
2024-12-04 13:23:53 Success.
2024-12-04 13:23:53 Latest version is 1.7.7
2024-12-04 13:23:53 App is up to date.
2024-12-05 13:19:59 Loading main app package /usr/lib/obsidian/obsidian.asar
2024-12-05 13:19:59 Checking for update using Github
2024-12-05 13:19:59 Success.
2024-12-05 13:19:59 Latest version is 1.7.7
2024-12-05 13:19:59 App is up to date.
2024-12-05 14:43:52 Checking for update using Github
2024-12-05 14:43:52 Success.
2024-12-05 14:43:52 Latest version is 1.7.7
2024-12-05 14:43:52 App is up to date.
2024-12-05 18:22:52 Checking for update using Github
2024-12-05 18:22:52 Success.
2024-12-05 18:22:52 Latest version is 1.7.7
2024-12-05 18:22:52 App is up to date.
2024-12-05 19:22:52 Checking for update using Github
2024-12-05 19:22:52 Success.
2024-12-05 19:22:52 Latest version is 1.7.7
2024-12-05 19:22:52 App is up to date.
2024-12-05 21:36:46 Checking for update using Github
2024-12-05 21:36:46 Success.
2024-12-05 21:36:46 Latest version is 1.7.7
2024-12-05 21:36:46 App is up to date.
2024-12-06 07:36:54 Loading main app package /usr/lib/obsidian/obsidian.asar
2024-12-06 07:36:54 Checking for update using Github
2024-12-06 07:36:54 Success.
2024-12-06 07:36:54 Latest version is 1.7.7
2024-12-06 07:36:54 App is up to date.
2024-12-06 08:36:54 Checking for update using Github
2024-12-06 08:36:54 Success.
2024-12-06 08:36:54 Latest version is 1.7.7
2024-12-06 08:36:54 App is up to date.
2024-12-06 09:59:56 Checking for update using Github
2024-12-06 09:59:56 Success.
2024-12-06 09:59:56 Latest version is 1.7.7
2024-12-06 09:59:56 App is up to date.
2024-12-06 10:59:56 Checking for update using Github
2024-12-06 10:59:56 Success.
2024-12-06 10:59:56 Latest version is 1.7.7
2024-12-06 10:59:56 App is up to date.
2024-12-06 12:53:03 Checking for update using Github
2024-12-06 12:53:04 Success.
2024-12-06 12:53:04 Latest version is 1.7.7
2024-12-06 12:53:04 App is up to date.
2024-12-06 13:53:03 Checking for update using Github
2024-12-06 13:53:03 Success.
2024-12-06 13:53:03 Latest version is 1.7.7
2024-12-06 13:53:03 App is up to date.
2024-12-06 14:53:03 Checking for update using Github
2024-12-06 14:53:03 Success.
2024-12-06 14:53:03 Latest version is 1.7.7
2024-12-06 14:53:03 App is up to date.
2024-12-06 15:53:03 Checking for update using Github
2024-12-06 15:53:03 Success.
2024-12-06 15:53:03 Latest version is 1.7.7
2024-12-06 15:53:03 App is up to date.
2024-12-10 13:49:37 Loading main app package /usr/lib/obsidian/obsidian.asar
2024-12-10 13:49:37 Checking for update using Github
2024-12-10 13:49:38 Success.
2024-12-10 13:49:38 Latest version is 1.7.7
2024-12-10 13:49:38 App is up to date.
2024-12-10 14:49:37 Checking for update using Github
2024-12-10 14:49:37 Success.
2024-12-10 14:49:37 Latest version is 1.7.7
2024-12-10 14:49:37 App is up to date.
2024-12-10 15:49:37 Checking for update using Github
2024-12-10 15:49:37 Success.
2024-12-10 15:49:37 Latest version is 1.7.7
2024-12-10 15:49:37 App is up to date.
2024-12-11 00:30:32 Checking for update using Github
2024-12-11 00:30:33 Success.
2024-12-11 00:30:33 Latest version is 1.7.7
2024-12-11 00:30:33 App is up to date.
2024-12-11 01:30:32 Checking for update using Github
2024-12-11 01:30:33 Success.
2024-12-11 01:30:33 Latest version is 1.7.7
2024-12-11 01:30:33 App is up to date.
2024-12-11 09:35:21 Checking for update using Github
2024-12-11 09:35:22 Success.
2024-12-11 09:35:22 Latest version is 1.7.7
2024-12-11 09:35:22 App is up to date.
2024-12-11 10:35:21 Checking for update using Github
2024-12-11 10:35:22 Success.
2024-12-11 10:35:22 Latest version is 1.7.7
2024-12-11 10:35:22 App is up to date.
2024-12-11 21:43:25 Checking for update using Github
2024-12-11 21:43:26 Success.
2024-12-11 21:43:26 Latest version is 1.7.7
2024-12-11 21:43:26 App is up to date.
2024-12-11 22:43:25 Checking for update using Github
2024-12-11 22:43:25 Success.
2024-12-11 22:43:25 Latest version is 1.7.7
2024-12-11 22:43:25 App is up to date.
2024-12-11 23:43:25 Checking for update using Github
2024-12-11 23:43:25 Success.
2024-12-11 23:43:25 Latest version is 1.7.7
2024-12-11 23:43:25 App is up to date.
2024-12-12 00:43:25 Checking for update using Github
2024-12-12 00:43:25 Success.
2024-12-12 00:43:25 Latest version is 1.7.7
2024-12-12 00:43:25 App is up to date.
2024-12-12 10:58:44 Checking for update using Github
2024-12-12 10:58:45 Success.
2024-12-12 10:58:45 Latest version is 1.7.7
2024-12-12 10:58:45 App is up to date.
2024-12-12 11:58:45 Checking for update using Github
2024-12-12 11:58:45 Success.
2024-12-12 11:58:45 Latest version is 1.7.7
2024-12-12 11:58:45 App is up to date.
2024-12-12 14:46:13 Checking for update using Github
2024-12-12 14:46:13 Success.
2024-12-12 14:46:13 Latest version is 1.7.7
2024-12-12 14:46:13 App is up to date.
2024-12-12 15:46:13 Checking for update using Github
2024-12-12 15:46:13 Success.
2024-12-12 15:46:13 Latest version is 1.7.7
2024-12-12 15:46:13 App is up to date.
2024-12-22 22:59:30 Loading main app package /usr/lib/obsidian/obsidian.asar
2024-12-22 22:59:31 Checking for update using Github
2024-12-22 22:59:31 Failed to check for update using Github (net::ERR_NAME_NOT_RESOLVED)
2024-12-22 22:59:31 Checking for update using obsidian.md
2024-12-22 22:59:31 Failed to check for update using obsidian.md (net::ERR_NAME_NOT_RESOLVED)
2024-12-22 23:04:43 Loading main app package /usr/lib/obsidian/obsidian.asar
2024-12-22 23:04:43 Checking for update using Github
2024-12-22 23:04:44 Success.
2024-12-22 23:04:44 Latest version is 1.7.7
2024-12-22 23:04:44 App is up to date.
2024-12-23 00:04:43 Checking for update using Github
2024-12-23 00:04:43 Success.
2024-12-23 00:04:43 Latest version is 1.7.7
2024-12-23 00:04:43 App is up to date.
2024-12-23 01:04:43 Checking for update using Github
2024-12-23 01:04:43 Success.
2024-12-23 01:04:43 Latest version is 1.7.7
2024-12-23 01:04:43 App is up to date.
2024-12-23 02:04:43 Checking for update using Github
2024-12-23 02:04:44 Success.
2024-12-23 02:04:44 Latest version is 1.7.7
2024-12-23 02:04:44 App is up to date.
2024-12-23 03:04:43 Checking for update using Github
2024-12-23 03:04:44 Success.
2024-12-23 03:04:44 Latest version is 1.7.7
2024-12-23 03:04:44 App is up to date.
2024-12-23 04:04:44 Checking for update using Github
2024-12-23 04:04:44 Success.
2024-12-23 04:04:44 Latest version is 1.7.7
2024-12-23 04:04:44 App is up to date.
2024-12-23 15:29:11 Checking for update using Github
2024-12-23 15:29:11 Success.
2024-12-23 15:29:11 Latest version is 1.7.7
2024-12-23 15:29:11 App is up to date.
2024-12-23 16:29:11 Checking for update using Github
2024-12-23 16:29:11 Success.
2024-12-23 16:29:11 Latest version is 1.7.7
2024-12-23 16:29:11 App is up to date.
2024-12-23 17:29:11 Checking for update using Github
2024-12-23 17:29:11 Success.
2024-12-23 17:29:11 Latest version is 1.7.7
2024-12-23 17:29:11 App is up to date.
2024-12-23 18:29:11 Checking for update using Github
2024-12-23 18:29:12 Success.
2024-12-23 18:29:12 Latest version is 1.7.7
2024-12-23 18:29:12 App is up to date.
2024-12-23 19:29:11 Checking for update using Github
2024-12-23 19:29:11 Success.
2024-12-23 19:29:11 Latest version is 1.7.7
2024-12-23 19:29:11 App is up to date.
2024-12-23 21:16:40 Checking for update using Github
2024-12-23 21:16:42 Success.
2024-12-23 21:16:42 Latest version is 1.7.7
2024-12-23 21:16:42 App is up to date.
2024-12-23 22:16:40 Checking for update using Github
2024-12-23 22:16:40 Success.
2024-12-23 22:16:40 Latest version is 1.7.7
2024-12-23 22:16:40 App is up to date.
2024-12-23 23:16:40 Checking for update using Github
2024-12-23 23:16:40 Success.
2024-12-23 23:16:40 Latest version is 1.7.7
2024-12-23 23:16:40 App is up to date.
2024-12-24 00:16:40 Checking for update using Github
2024-12-24 00:16:40 Success.
2024-12-24 00:16:40 Latest version is 1.7.7
2024-12-24 00:16:40 App is up to date.
2024-12-24 01:16:40 Checking for update using Github
2024-12-24 01:16:40 Success.
2024-12-24 01:16:40 Latest version is 1.7.7
2024-12-24 01:16:40 App is up to date.
2024-12-24 02:16:40 Checking for update using Github
2024-12-24 02:16:41 Success.
2024-12-24 02:16:41 Latest version is 1.7.7
2024-12-24 02:16:41 App is up to date.
2024-12-24 03:16:40 Checking for update using Github
2024-12-24 03:16:41 Success.
2024-12-24 03:16:41 Latest version is 1.7.7
2024-12-24 03:16:41 App is up to date.
2024-12-24 04:16:40 Checking for update using Github
2024-12-24 04:16:41 Success.
2024-12-24 04:16:41 Latest version is 1.7.7
2024-12-24 04:16:41 App is up to date.
2024-12-24 05:16:41 Checking for update using Github
2024-12-24 05:16:41 Success.
2024-12-24 05:16:41 Latest version is 1.7.7
2024-12-24 05:16:41 App is up to date.
2024-12-25 21:38:55 Loading main app package /usr/lib/obsidian/obsidian.asar
2024-12-25 21:38:56 Checking for update using Github
2024-12-25 21:38:56 Success.
2024-12-25 21:38:56 Latest version is 1.7.7
2024-12-25 21:38:56 App is up to date.
2024-12-25 22:38:55 Checking for update using Github
2024-12-25 22:38:56 Success.
2024-12-25 22:38:56 Latest version is 1.7.7
2024-12-25 22:38:56 App is up to date.
2024-12-25 23:38:55 Checking for update using Github
2024-12-25 23:38:56 Success.
2024-12-25 23:38:56 Latest version is 1.7.7
2024-12-25 23:38:56 App is up to date.
2024-12-26 00:38:55 Checking for update using Github
2024-12-26 00:38:56 Success.
2024-12-26 00:38:56 Latest version is 1.7.7
2024-12-26 00:38:56 App is up to date.
2024-12-26 01:38:56 Checking for update using Github
2024-12-26 01:38:56 Success.
2024-12-26 01:38:56 Latest version is 1.7.7
2024-12-26 01:38:56 App is up to date.
2025-01-09 14:53:24 Loading main app package /usr/lib/obsidian/obsidian.asar
2025-01-09 14:53:24 Checking for update using Github
2025-01-09 14:53:24 Success.
2025-01-09 14:53:24 Latest version is 1.7.7
2025-01-09 14:53:24 App is up to date.
2025-01-10 07:49:49 Loading main app package /usr/lib/obsidian/obsidian.asar
2025-01-10 07:49:49 Checking for update using Github
2025-01-10 07:49:50 Success.
2025-01-10 07:49:50 Latest version is 1.7.7
2025-01-10 07:49:50 App is up to date.
2025-01-10 08:49:49 Checking for update using Github
2025-01-10 08:49:49 Success.
2025-01-10 08:49:49 Latest version is 1.7.7
2025-01-10 08:49:49 App is up to date.
2025-01-10 10:22:41 Loading main app package /usr/lib/obsidian/obsidian.asar
2025-01-10 10:22:41 Checking for update using Github
2025-01-10 10:22:42 Success.
2025-01-10 10:22:42 Latest version is 1.7.7
2025-01-10 10:22:42 App is up to date.
2025-01-10 13:04:28 Checking for update using Github
2025-01-10 13:04:29 Success.
2025-01-10 13:04:29 Latest version is 1.7.7
2025-01-10 13:04:29 App is up to date.
2025-01-10 14:04:29 Checking for update using Github
2025-01-10 14:04:29 Success.
2025-01-10 14:04:29 Latest version is 1.7.7
2025-01-10 14:04:29 App is up to date.
2025-01-13 09:49:50 Loading main app package /usr/lib/obsidian/obsidian.asar
2025-01-13 09:49:50 Checking for update using Github
2025-01-13 09:49:52 Success.
2025-01-13 09:49:52 Latest version is 1.7.7
2025-01-13 09:49:52 App is up to date.
2025-01-13 10:49:52 Checking for update using Github
2025-01-13 10:49:52 Success.
2025-01-13 10:49:52 Latest version is 1.7.7
2025-01-13 10:49:52 App is up to date.
2025-01-13 12:26:06 Checking for update using Github
2025-01-13 12:26:06 Success.
2025-01-13 12:26:06 Latest version is 1.7.7
2025-01-13 12:26:06 App is up to date.
2025-01-13 13:26:43 Checking for update using Github
2025-01-13 13:26:43 Success.
2025-01-13 13:26:43 Latest version is 1.7.7
2025-01-13 13:26:43 App is up to date.
2025-01-13 13:56:46 Loading main app package /usr/lib/obsidian/obsidian.asar
2025-01-13 13:56:46 Checking for update using Github
2025-01-13 13:56:46 Success.
2025-01-13 13:56:46 Latest version is 1.7.7
2025-01-13 13:56:46 App is up to date.
2025-01-13 14:08:51 Loading main app package /usr/lib/obsidian/obsidian.asar
2025-01-13 14:08:51 Checking for update using Github
2025-01-13 14:08:52 Success.
2025-01-13 14:08:52 Latest version is 1.7.7
2025-01-13 14:08:52 App is up to date.
2025-01-13 15:21:26 Checking for update using Github
2025-01-13 15:21:27 Success.
2025-01-13 15:21:27 Latest version is 1.7.7
2025-01-13 15:21:27 App is up to date.
2025-01-14 08:11:47 Loading main app package /usr/lib/obsidian/obsidian.asar
2025-01-14 08:11:47 Checking for update using Github
2025-01-14 08:11:47 Success.
2025-01-14 08:11:47 Latest version is 1.7.7
2025-01-14 08:11:47 App is up to date.
2025-01-14 09:37:07 Checking for update using Github
2025-01-14 09:37:08 Success.
2025-01-14 09:37:08 Latest version is 1.7.7
2025-01-14 09:37:08 App is up to date.
2025-01-14 12:44:51 Checking for update using Github
2025-01-20 09:36:31 Loading main app package /usr/lib/obsidian/obsidian.asar
2025-01-20 09:36:31 Checking for update using Github
2025-01-20 09:36:31 Success.
2025-01-20 09:36:31 Latest version is 1.7.7
2025-01-20 09:36:31 App is up to date.
2025-01-20 10:36:31 Checking for update using Github
2025-01-20 10:36:31 Success.
2025-01-20 10:36:31 Latest version is 1.7.7
2025-01-20 10:36:31 App is up to date.
2025-01-20 12:02:59 Checking for update using Github
2025-01-20 12:02:59 Success.
2025-01-20 12:02:59 Latest version is 1.7.7
2025-01-20 12:02:59 App is up to date.
2025-01-20 13:20:05 Checking for update using Github
2025-01-20 13:20:05 Success.
2025-01-20 13:20:05 Latest version is 1.7.7
2025-01-20 13:20:05 App is up to date.
2025-01-21 07:46:51 Loading main app package /usr/lib/obsidian/obsidian.asar
2025-01-21 07:46:52 Checking for update using Github
2025-01-21 07:46:52 Success.
2025-01-21 07:46:52 Latest version is 1.7.7
2025-01-21 07:46:52 App is up to date.
2025-01-21 08:46:52 Checking for update using Github
2025-01-21 08:46:52 Success.
2025-01-21 08:46:52 Latest version is 1.7.7
2025-01-21 08:46:52 App is up to date.
2025-01-21 09:54:56 Checking for update using Github
2025-01-21 09:54:57 Success.
2025-01-21 09:54:57 Latest version is 1.7.7
2025-01-21 09:54:57 App is up to date.
2025-01-21 10:54:57 Checking for update using Github
2025-01-21 10:54:57 Success.
2025-01-21 10:54:57 Latest version is 1.7.7
2025-01-21 10:54:57 App is up to date.
2025-01-21 13:17:06 Checking for update using Github
2025-01-21 22:54:08 Loading main app package /usr/lib/obsidian/obsidian.asar
2025-01-21 22:54:08 Checking for update using Github
2025-01-21 22:54:08 Success.
2025-01-21 22:54:08 Latest version is 1.7.7
2025-01-21 22:54:08 App is up to date.
2025-01-21 23:15:37 Loading main app package /usr/lib/obsidian/obsidian.asar
2025-01-21 23:15:37 Checking for update using Github
2025-01-21 23:15:37 Success.
2025-01-21 23:15:37 Latest version is 1.7.7
2025-01-21 23:15:37 App is up to date.
2025-01-22 16:09:56 Loading main app package /usr/lib/obsidian/obsidian.asar
2025-01-22 16:09:56 Checking for update using Github
2025-01-22 16:09:57 Success.
2025-01-22 16:09:57 Latest version is 1.7.7
2025-01-22 16:09:57 App is up to date.
2025-01-22 17:09:56 Checking for update using Github
2025-01-22 17:09:56 Success.
2025-01-22 17:09:56 Latest version is 1.7.7
2025-01-22 17:09:56 App is up to date.
2025-01-22 18:09:56 Checking for update using Github
2025-01-22 18:09:56 Success.
2025-01-22 18:09:56 Latest version is 1.7.7
2025-01-22 18:09:56 App is up to date.
2025-01-22 19:09:56 Checking for update using Github
2025-01-22 19:09:57 Success.
2025-01-22 19:09:57 Latest version is 1.7.7
2025-01-22 19:09:57 App is up to date.
2025-01-22 20:09:56 Checking for update using Github
2025-01-22 20:09:57 Success.
2025-01-22 20:09:57 Latest version is 1.7.7
2025-01-22 20:09:57 App is up to date.
2025-01-22 21:09:57 Checking for update using Github
2025-01-22 21:09:57 Success.
2025-01-22 21:09:57 Latest version is 1.7.7
2025-01-22 21:09:57 App is up to date.
2025-01-22 22:09:57 Checking for update using Github
2025-01-22 22:09:57 Success.
2025-01-22 22:09:57 Latest version is 1.7.7
2025-01-22 22:09:57 App is up to date.
2025-01-23 07:41:28 Loading main app package /usr/lib/obsidian/obsidian.asar
2025-01-23 07:41:29 Checking for update using Github
2025-01-23 07:41:29 Success.
2025-01-23 07:41:29 Latest version is 1.7.7
2025-01-23 07:41:29 App is up to date.
2025-01-23 08:41:29 Checking for update using Github
2025-01-23 08:41:30 Success.
2025-01-23 08:41:30 Latest version is 1.7.7
2025-01-23 08:41:30 App is up to date.
2025-01-23 10:24:13 Checking for update using Github
2025-01-23 10:24:13 Success.
2025-01-23 10:24:13 Latest version is 1.7.7
2025-01-23 10:24:13 App is up to date.
2025-01-23 12:51:32 Checking for update using Github
2025-01-23 12:51:33 Success.
2025-01-23 12:51:33 Latest version is 1.7.7
2025-01-23 12:51:33 App is up to date.
2025-01-23 14:38:02 Checking for update using Github
2025-01-23 14:38:02 Success.
2025-01-23 14:38:02 Latest version is 1.7.7
2025-01-23 14:38:02 App is up to date.
2025-01-24 01:02:32 Loading main app package /usr/lib/obsidian/obsidian.asar
2025-01-24 01:02:32 Checking for update using Github
2025-01-24 01:02:33 Success.
2025-01-24 01:02:33 Latest version is 1.7.7
2025-01-24 01:02:33 App is up to date.
2025-01-24 09:20:47 Checking for update using Github
2025-01-24 09:20:47 Success.
2025-01-24 09:20:47 Latest version is 1.7.7
2025-01-24 09:20:47 App is up to date.
2025-01-24 10:28:48 Checking for update using Github
2025-01-24 10:28:48 Success.
2025-01-24 10:28:48 Latest version is 1.7.7
2025-01-24 10:28:48 App is up to date.
2025-01-24 22:22:34 Loading main app package /usr/lib/obsidian/obsidian.asar
2025-01-24 22:22:34 Checking for update using Github
2025-01-24 22:22:35 Success.
2025-01-24 22:22:35 Latest version is 1.7.7
2025-01-24 22:22:35 App is up to date.
2025-01-24 22:26:34 Loading main app package /usr/lib/obsidian/obsidian.asar
2025-01-24 22:26:34 Checking for update using Github
2025-01-24 22:26:34 Success.
2025-01-24 22:26:34 Latest version is 1.7.7
2025-01-24 22:26:34 App is up to date.
2025-01-24 22:28:01 Loading main app package /usr/lib/obsidian/obsidian.asar
2025-01-24 22:28:01 Checking for update using Github
2025-01-24 22:28:02 Success.
2025-01-24 22:28:02 Latest version is 1.7.7
2025-01-24 22:28:02 App is up to date.
2025-01-24 22:41:22 Loading main app package /usr/lib/obsidian/obsidian.asar
2025-01-24 22:41:23 Checking for update using Github
2025-01-24 22:41:23 Success.
2025-01-24 22:41:23 Latest version is 1.7.7
2025-01-24 22:41:23 App is up to date.
2025-01-24 23:41:23 Checking for update using Github
2025-01-24 23:41:23 Success.
2025-01-24 23:41:23 Latest version is 1.7.7
2025-01-24 23:41:23 App is up to date.
2025-01-25 08:01:52 Checking for update using Github
2025-01-25 08:01:52 Success.
2025-01-25 08:01:52 Latest version is 1.7.7
2025-01-25 08:01:52 App is up to date.
2025-01-25 09:01:52 Checking for update using Github
2025-01-25 09:01:52 Success.
2025-01-25 09:01:52 Latest version is 1.7.7
2025-01-25 09:01:52 App is up to date.
2025-01-25 10:01:52 Checking for update using Github
2025-01-25 10:01:52 Success.
2025-01-25 10:01:52 Latest version is 1.7.7
2025-01-25 10:01:52 App is up to date.
2025-01-25 15:19:20 Loading main app package /usr/lib/obsidian/obsidian.asar
2025-01-25 15:19:20 Checking for update using Github
2025-01-25 15:19:21 Success.
2025-01-25 15:19:21 Latest version is 1.7.7
2025-01-25 15:19:21 App is up to date.
2025-01-25 16:19:20 Checking for update using Github
2025-01-25 16:19:21 Success.
2025-01-25 16:19:21 Latest version is 1.7.7
2025-01-25 16:19:21 App is up to date.
2025-01-25 18:52:52 Checking for update using Github
2025-01-25 18:52:52 Success.
2025-01-25 18:52:52 Latest version is 1.7.7
2025-01-25 18:52:52 App is up to date.
2025-01-25 19:24:09 Loading main app package /usr/lib/obsidian/obsidian.asar
2025-01-25 19:24:09 Checking for update using Github
2025-01-25 19:24:10 Success.
2025-01-25 19:24:10 Latest version is 1.7.7
2025-01-25 19:24:10 App is up to date.
2025-01-25 22:43:58 Loading main app package /usr/lib/obsidian/obsidian.asar
2025-01-25 22:43:58 Checking for update using Github
2025-01-25 22:43:58 Success.
2025-01-25 22:43:58 Latest version is 1.7.7
2025-01-25 22:43:58 App is up to date.
2025-01-25 23:57:09 Checking for update using Github
2025-01-25 23:57:09 Success.
2025-01-25 23:57:09 Latest version is 1.7.7
2025-01-25 23:57:09 App is up to date.
2025-01-26 00:57:10 Checking for update using Github
2025-01-26 00:57:10 Success.
2025-01-26 00:57:10 Latest version is 1.7.7
2025-01-26 00:57:10 App is up to date.
2025-01-26 17:19:03 Loading main app package /usr/lib/obsidian/obsidian.asar
2025-01-26 17:19:03 Checking for update using Github
2025-01-26 17:19:04 Success.
2025-01-26 17:19:04 Latest version is 1.7.7
2025-01-26 17:19:04 App is up to date.
2025-01-26 18:19:03 Checking for update using Github
2025-01-26 18:19:03 Success.
2025-01-26 18:19:03 Latest version is 1.7.7
2025-01-26 18:19:03 App is up to date.
2025-01-26 19:19:03 Checking for update using Github
2025-01-26 19:19:04 Success.
2025-01-26 19:19:04 Latest version is 1.7.7
2025-01-26 19:19:04 App is up to date.
2025-01-26 20:19:03 Checking for update using Github
2025-01-26 20:19:04 Success.
2025-01-26 20:19:04 Latest version is 1.7.7
2025-01-26 20:19:04 App is up to date.
2025-01-26 21:19:04 Checking for update using Github
2025-01-26 21:19:04 Success.
2025-01-26 21:19:04 Latest version is 1.7.7
2025-01-26 21:19:04 App is up to date.
2025-01-26 22:19:04 Checking for update using Github
2025-01-26 22:19:04 Success.
2025-01-26 22:19:04 Latest version is 1.7.7
2025-01-26 22:19:04 App is up to date.
2025-01-26 23:19:04 Checking for update using Github
2025-01-26 23:19:04 Success.
2025-01-26 23:19:04 Latest version is 1.7.7
2025-01-26 23:19:04 App is up to date.
2025-01-27 00:19:04 Checking for update using Github
2025-01-27 00:19:04 Success.
2025-01-27 00:19:04 Latest version is 1.7.7
2025-01-27 00:19:04 App is up to date.
2025-01-27 08:28:01 Checking for update using Github
2025-01-27 08:28:01 Success.
2025-01-27 08:28:01 Latest version is 1.7.7
2025-01-27 08:28:01 App is up to date.
2025-01-27 09:28:01 Checking for update using Github
2025-01-27 09:28:02 Success.
2025-01-27 09:28:02 Latest version is 1.7.7
2025-01-27 09:28:02 App is up to date.
2025-01-27 11:11:51 Checking for update using Github
2025-01-27 11:11:51 Success.
2025-01-27 11:11:51 Latest version is 1.7.7
2025-01-27 11:11:51 App is up to date.
2025-01-27 12:13:19 Loading main app package /usr/lib/obsidian/obsidian.asar
2025-01-27 12:13:19 Checking for update using Github
2025-01-27 12:13:20 Success.
2025-01-27 12:13:20 Latest version is 1.7.7
2025-01-27 12:13:20 App is up to date.
2025-01-27 13:13:19 Checking for update using Github
2025-01-27 13:13:19 Success.
2025-01-27 13:13:19 Latest version is 1.7.7
2025-01-27 13:13:19 App is up to date.
2025-01-27 14:13:19 Checking for update using Github
2025-01-27 14:13:20 Success.
2025-01-27 14:13:20 Latest version is 1.7.7
2025-01-27 14:13:20 App is up to date.
2025-01-27 15:13:19 Checking for update using Github
2025-01-27 15:13:19 Success.
2025-01-27 15:13:19 Latest version is 1.7.7
2025-01-27 15:13:19 App is up to date.
2025-01-27 16:13:19 Checking for update using Github
2025-01-27 16:13:20 Success.
2025-01-27 16:13:20 Latest version is 1.7.7
2025-01-27 16:13:20 App is up to date.
2025-01-27 17:40:58 Checking for update using Github
2025-01-27 17:40:58 Success.
2025-01-27 17:40:58 Latest version is 1.7.7
2025-01-27 17:40:58 App is up to date.
2025-01-27 18:31:15 Loading main app package /usr/lib/obsidian/obsidian.asar
2025-01-27 18:31:16 Checking for update using Github
2025-01-27 18:31:16 Success.
2025-01-27 18:31:16 Latest version is 1.7.7
2025-01-27 18:31:16 App is up to date.
2025-01-28 10:32:02 Checking for update using Github
2025-01-28 10:32:03 Success.
2025-01-28 10:32:03 Latest version is 1.7.7
2025-01-28 10:32:03 App is up to date.
2025-01-28 11:32:02 Checking for update using Github
2025-01-28 11:32:02 Success.
2025-01-28 11:32:02 Latest version is 1.7.7
2025-01-28 11:32:02 App is up to date.
2025-01-28 17:15:16 Checking for update using Github
2025-01-28 17:15:16 Success.
2025-01-28 17:15:16 Latest version is 1.7.7
2025-01-28 17:15:16 App is up to date.
2025-01-28 21:05:34 Checking for update using Github
2025-01-28 21:05:34 Success.
2025-01-28 21:05:34 Latest version is 1.7.7
2025-01-28 21:05:34 App is up to date.
2025-01-28 22:05:34 Checking for update using Github
2025-01-28 22:05:34 Success.
2025-01-28 22:05:34 Latest version is 1.7.7
2025-01-28 22:05:34 App is up to date.
2025-01-28 23:05:34 Checking for update using Github
2025-01-28 23:05:34 Success.
2025-01-28 23:05:34 Latest version is 1.7.7
2025-01-28 23:05:34 App is up to date.
2025-01-29 00:05:34 Checking for update using Github
2025-01-29 00:05:34 Success.
2025-01-29 00:05:34 Latest version is 1.7.7
2025-01-29 00:05:34 App is up to date.
2025-01-29 08:36:33 Loading main app package /usr/lib/obsidian/obsidian.asar
2025-01-29 08:36:33 Checking for update using Github
2025-01-29 08:36:33 Success.
2025-01-29 08:36:33 Latest version is 1.7.7
2025-01-29 08:36:33 App is up to date.
2025-01-29 09:36:34 Checking for update using Github
2025-01-29 09:36:35 Success.
2025-01-29 09:36:35 Latest version is 1.7.7
2025-01-29 09:36:35 App is up to date.
2025-01-29 10:36:34 Checking for update using Github
2025-01-29 10:36:34 Success.
2025-01-29 10:36:34 Latest version is 1.7.7
2025-01-29 10:36:34 App is up to date.
2025-01-29 11:36:34 Checking for update using Github
2025-01-29 11:36:34 Success.
2025-01-29 11:36:34 Latest version is 1.7.7
2025-01-29 11:36:34 App is up to date.
2025-01-29 12:36:34 Checking for update using Github
2025-01-29 12:36:36 Success.
2025-01-29 12:36:36 Latest version is 1.7.7
2025-01-29 12:36:36 App is up to date.
2025-01-29 13:36:34 Checking for update using Github
2025-01-29 13:36:34 Success.
2025-01-29 13:36:34 Latest version is 1.7.7
2025-01-29 13:36:34 App is up to date.
2025-01-29 14:36:34 Checking for update using Github
2025-01-29 14:36:35 Success.
2025-01-29 14:36:35 Latest version is 1.7.7
2025-01-29 14:36:35 App is up to date.
2025-01-29 15:36:34 Checking for update using Github
2025-01-29 15:36:35 Success.
2025-01-29 15:36:35 Latest version is 1.7.7
2025-01-29 15:36:35 App is up to date.
2025-01-29 16:36:34 Checking for update using Github
2025-01-29 16:36:35 Success.
2025-01-29 16:36:35 Latest version is 1.7.7
2025-01-29 16:36:35 App is up to date.
2025-01-29 17:36:35 Checking for update using Github
2025-01-29 17:36:35 Success.
2025-01-29 17:36:35 Latest version is 1.7.7
2025-01-29 17:36:35 App is up to date.
2025-01-29 18:36:35 Checking for update using Github
2025-01-29 18:36:35 Success.
2025-01-29 18:36:35 Latest version is 1.7.7
2025-01-29 18:36:35 App is up to date.
2025-01-29 19:36:35 Checking for update using Github
2025-01-29 19:36:35 Success.
2025-01-29 19:36:35 Latest version is 1.7.7
2025-01-29 19:36:35 App is up to date.
2025-01-29 20:36:35 Checking for update using Github
2025-01-29 20:36:35 Success.
2025-01-29 20:36:35 Latest version is 1.7.7
2025-01-29 20:36:35 App is up to date.
2025-01-29 21:36:35 Checking for update using Github
2025-01-29 21:36:36 Success.
2025-01-29 21:36:36 Latest version is 1.7.7
2025-01-29 21:36:36 App is up to date.
2025-01-29 22:36:35 Checking for update using Github
2025-01-29 22:36:35 Success.
2025-01-29 22:36:35 Latest version is 1.7.7
2025-01-29 22:36:35 App is up to date.
2025-01-30 00:05:11 Checking for update using Github
2025-01-30 00:05:12 Success.
2025-01-30 00:05:12 Latest version is 1.7.7
2025-01-30 00:05:12 App is up to date.
2025-01-30 06:40:00 Loading main app package /usr/lib/obsidian/obsidian.asar
2025-01-30 06:40:00 Checking for update using Github
2025-01-30 06:40:01 Success.
2025-01-30 06:40:01 Latest version is 1.7.7
2025-01-30 06:40:01 App is up to date.
2025-01-30 06:44:18 Loading main app package /usr/lib/obsidian/obsidian.asar
2025-01-30 06:44:18 Checking for update using Github
2025-01-30 06:44:18 Success.
2025-01-30 06:44:19 Latest version is 1.7.7
2025-01-30 06:44:19 App is up to date.
2025-01-30 07:44:19 Checking for update using Github
2025-01-30 07:44:19 Success.
2025-01-30 07:44:19 Latest version is 1.7.7
2025-01-30 07:44:19 App is up to date.
2025-01-30 08:44:19 Checking for update using Github
2025-01-30 08:44:19 Success.
2025-01-30 08:44:19 Latest version is 1.7.7
2025-01-30 08:44:19 App is up to date.
2025-01-30 09:44:19 Checking for update using Github
2025-01-30 09:44:20 Success.
2025-01-30 09:44:20 Latest version is 1.7.7
2025-01-30 09:44:20 App is up to date.
2025-01-30 10:44:19 Checking for update using Github
2025-01-30 10:44:19 Success.
2025-01-30 10:44:19 Latest version is 1.7.7
2025-01-30 10:44:19 App is up to date.
2025-01-30 11:44:19 Checking for update using Github
2025-01-30 11:44:20 Success.
2025-01-30 11:44:20 Latest version is 1.7.7
2025-01-30 11:44:20 App is up to date.
2025-01-30 12:44:19 Checking for update using Github
2025-01-30 12:44:20 Success.
2025-01-30 12:44:20 Latest version is 1.7.7
2025-01-30 12:44:20 App is up to date.
2025-01-30 13:44:19 Checking for update using Github
2025-01-30 13:44:20 Success.
2025-01-30 13:44:20 Latest version is 1.7.7
2025-01-30 13:44:20 App is up to date.
2025-01-30 20:01:08 Checking for update using Github
2025-01-30 20:01:08 Success.
2025-01-30 20:01:08 Latest version is 1.8.3
2025-01-30 20:01:08 Downloading update from https://github.com/obsidianmd/obsidian-releases/releases/download/v1.8.3/obsidian-1.8.3.asar.gz
2025-01-30 20:01:14 Verifying hash & signature. Size= 8123758
2025-01-30 20:01:14 Saving file
2025-01-30 20:01:14 Update complete.
2025-01-30 23:59:59 Checking for update using Github
2025-01-31 00:00:00 Success.
2025-01-31 00:00:00 Latest version is 1.8.3
2025-01-31 00:00:00 An update is already downloaded.
2025-01-31 00:59:59 Checking for update using Github
2025-01-31 01:00:00 Success.
2025-01-31 01:00:00 Latest version is 1.8.3
2025-01-31 01:00:00 An update is already downloaded.
2025-01-31 11:18:25 Checking for update using Github
2025-01-31 11:18:25 Success.
2025-01-31 11:18:25 Latest version is 1.8.3
2025-01-31 11:18:25 An update is already downloaded.
2025-01-31 11:24:32 Loading updated app package /home/apdo/.config/obsidian/obsidian-1.8.3.asar
2025-01-31 11:24:32 Checking for update using Github
2025-01-31 14:09:02 Loading updated app package /home/apdo/.config/obsidian/obsidian-1.8.3.asar
2025-01-31 14:09:02 Checking for update using Github
2025-01-31 14:09:39 Checking for update using Github
2025-01-31 14:09:40 Success.
2025-01-31 14:09:40 Latest version is 1.8.3
2025-01-31 14:09:40 An update is already downloaded.
2025-02-01 23:21:30 Loading main app package /usr/lib/obsidian/obsidian.asar
2025-02-01 23:21:30 Checking for update using Github
2025-02-01 23:21:31 Success.
2025-02-01 23:21:31 Latest version is 1.8.4
2025-02-01 23:21:31 App is up to date.
2025-02-02 00:21:30 Checking for update using Github
2025-02-02 00:21:30 Success.
2025-02-02 00:21:30 Latest version is 1.8.4
2025-02-02 00:21:30 App is up to date.
2025-02-02 00:55:38 Loading main app package /usr/lib/obsidian/obsidian.asar
2025-02-02 00:55:38 Checking for update using Github
2025-02-02 00:55:39 Success.
2025-02-02 00:55:39 Latest version is 1.8.4
2025-02-02 00:55:39 App is up to date.
2025-02-02 00:57:01 Loading main app package /usr/lib/obsidian/obsidian.asar
2025-02-02 00:57:01 Checking for update using Github
2025-02-02 00:57:01 Success.
2025-02-02 00:57:01 Latest version is 1.8.4
2025-02-02 00:57:01 App is up to date.
2025-02-02 01:05:48 Loading main app package /usr/lib/obsidian/obsidian.asar
2025-02-02 01:05:48 Checking for update using Github
2025-02-02 01:05:48 Failed to check for update using Github (net::ERR_INTERNET_DISCONNECTED)
2025-02-02 01:05:48 Checking for update using obsidian.md
2025-02-02 01:05:48 Failed to check for update using obsidian.md (net::ERR_INTERNET_DISCONNECTED)
2025-02-02 10:56:46 Checking for update using Github
2025-02-02 10:56:47 Success.
2025-02-02 10:56:47 Latest version is 1.8.4
2025-02-02 10:56:47 App is up to date.
2025-02-02 21:55:12 Checking for update using Github
2025-02-02 21:55:12 Success.
2025-02-02 21:55:12 Latest version is 1.8.4
2025-02-02 21:55:12 App is up to date.
2025-02-02 22:55:12 Checking for update using Github
2025-02-02 22:55:13 Success.
2025-02-02 22:55:13 Latest version is 1.8.4
2025-02-02 22:55:13 App is up to date.
2025-02-02 23:55:12 Checking for update using Github
2025-02-02 23:55:12 Success.
2025-02-02 23:55:12 Latest version is 1.8.4
2025-02-02 23:55:12 App is up to date.
2025-02-03 00:55:12 Checking for update using Github
2025-02-03 00:55:12 Success.
2025-02-03 00:55:12 Latest version is 1.8.4
2025-02-03 00:55:12 App is up to date.
2025-02-03 07:30:38 Checking for update using Github
2025-02-03 07:30:43 Success.
2025-02-03 07:30:43 Latest version is 1.8.4
2025-02-03 07:30:43 App is up to date.
2025-02-03 08:30:38 Checking for update using Github
2025-02-03 08:30:38 Success.
2025-02-03 08:30:38 Latest version is 1.8.4
2025-02-03 08:30:38 App is up to date.
2025-02-03 09:35:49 Checking for update using Github
2025-02-03 09:35:50 Failed to check for update using Github (net::ERR_INTERNET_DISCONNECTED)
2025-02-03 09:35:50 Checking for update using obsidian.md
2025-02-03 09:35:50 Failed to check for update using obsidian.md (net::ERR_INTERNET_DISCONNECTED)
2025-02-03 10:35:50 Checking for update using Github
2025-02-03 10:35:51 Success.
2025-02-03 10:35:51 Latest version is 1.8.4
2025-02-03 10:35:51 App is up to date.
2025-02-05 18:26:54 Loading main app package /usr/lib/obsidian/obsidian.asar
2025-02-05 18:26:54 Checking for update using Github
2025-02-05 18:26:54 Success.
2025-02-05 18:26:54 Latest version is 1.8.4
2025-02-05 18:26:54 App is up to date.
2025-02-05 22:38:10 Checking for update using Github
2025-02-05 22:38:10 Success.
2025-02-05 22:38:10 Latest version is 1.8.4
2025-02-05 22:38:10 App is up to date.
2025-02-05 23:47:56 Checking for update using Github
2025-02-05 23:47:56 Success.
2025-02-05 23:47:56 Latest version is 1.8.4
2025-02-05 23:47:56 App is up to date.
2025-02-06 00:47:56 Checking for update using Github
2025-02-06 00:47:56 Success.
2025-02-06 00:47:56 Latest version is 1.8.4
2025-02-06 00:47:56 App is up to date.
2025-02-06 08:04:27 Checking for update using Github
2025-02-06 08:04:27 Success.
2025-02-06 08:04:27 Latest version is 1.8.4
2025-02-06 08:04:27 App is up to date.
2025-02-06 10:33:42 Checking for update using Github
2025-02-06 10:33:43 Success.
2025-02-06 10:33:43 Latest version is 1.8.4
2025-02-06 10:33:43 App is up to date.
2025-02-06 12:22:12 Checking for update using Github
2025-02-06 12:22:12 Success.
2025-02-06 12:22:12 Latest version is 1.8.4
2025-02-06 12:22:12 App is up to date.
2025-02-06 13:22:12 Checking for update using Github
2025-02-06 13:22:12 Success.
2025-02-06 13:22:12 Latest version is 1.8.4
2025-02-06 13:22:12 App is up to date.
2025-02-06 14:22:12 Checking for update using Github
2025-02-06 14:22:12 Success.
2025-02-06 14:22:12 Latest version is 1.8.4
2025-02-06 14:22:12 App is up to date.
2025-02-07 12:51:11 Loading main app package /usr/lib/obsidian/obsidian.asar
2025-02-07 12:51:11 Checking for update using Github
2025-02-07 12:51:12 Success.
2025-02-07 12:51:12 Latest version is 1.8.4
2025-02-07 12:51:12 App is up to date.
2025-02-07 13:51:11 Checking for update using Github
2025-02-07 13:51:11 Success.
2025-02-07 13:51:11 Latest version is 1.8.4
2025-02-07 13:51:11 App is up to date.
2025-02-07 14:51:11 Checking for update using Github
2025-02-07 14:51:12 Success.
2025-02-07 14:51:12 Latest version is 1.8.4
2025-02-07 14:51:12 App is up to date.
2025-02-07 15:51:12 Checking for update using Github
2025-02-07 15:51:12 Success.
2025-02-07 15:51:12 Latest version is 1.8.4
2025-02-07 15:51:12 App is up to date.
2025-02-07 16:51:12 Checking for update using Github
2025-02-07 16:51:12 Success.
2025-02-07 16:51:12 Latest version is 1.8.4
2025-02-07 16:51:12 App is up to date.
2025-02-07 17:51:12 Checking for update using Github
2025-02-07 17:51:12 Success.
2025-02-07 17:51:12 Latest version is 1.8.4
2025-02-07 17:51:12 App is up to date.
2025-02-07 18:51:12 Checking for update using Github
2025-02-07 18:51:12 Success.
2025-02-07 18:51:12 Latest version is 1.8.4
2025-02-07 18:51:12 App is up to date.
2025-02-07 19:51:12 Checking for update using Github
2025-02-07 19:51:12 Success.
2025-02-07 19:51:12 Latest version is 1.8.4
2025-02-07 19:51:12 App is up to date.
2025-02-07 20:51:12 Checking for update using Github
2025-02-07 20:51:12 Success.
2025-02-07 20:51:12 Latest version is 1.8.4
2025-02-07 20:51:12 App is up to date.
2025-02-07 21:51:12 Checking for update using Github
2025-02-07 21:51:12 Success.
2025-02-07 21:51:12 Latest version is 1.8.4
2025-02-07 21:51:12 App is up to date.
2025-02-07 22:51:12 Checking for update using Github
2025-02-07 22:51:12 Success.
2025-02-07 22:51:12 Latest version is 1.8.4
2025-02-07 22:51:12 App is up to date.
2025-02-07 23:51:12 Checking for update using Github
2025-02-07 23:51:12 Success.
2025-02-07 23:51:12 Latest version is 1.8.4
2025-02-07 23:51:12 App is up to date.
2025-02-08 00:51:12 Checking for update using Github
2025-02-08 00:51:13 Success.
2025-02-08 00:51:13 Latest version is 1.8.4
2025-02-08 00:51:13 App is up to date.
2025-02-08 01:51:12 Checking for update using Github
2025-02-08 01:51:13 Success.
2025-02-08 01:51:13 Latest version is 1.8.4
2025-02-08 01:51:13 App is up to date.
2025-02-08 02:51:13 Checking for update using Github
2025-02-08 02:51:13 Success.
2025-02-08 02:51:13 Latest version is 1.8.4
2025-02-08 02:51:13 App is up to date.
2025-02-08 03:51:13 Checking for update using Github
2025-02-08 03:51:13 Success.
2025-02-08 03:51:13 Latest version is 1.8.4
2025-02-08 03:51:13 App is up to date.
2025-02-08 04:51:13 Checking for update using Github
2025-02-08 04:51:14 Success.
2025-02-08 04:51:14 Latest version is 1.8.4
2025-02-08 04:51:14 App is up to date.
2025-02-08 05:51:13 Checking for update using Github
2025-02-08 05:51:13 Success.
2025-02-08 05:51:13 Latest version is 1.8.4
2025-02-08 05:51:13 App is up to date.
2025-02-08 06:51:13 Checking for update using Github
2025-02-08 06:51:13 Success.
2025-02-08 06:51:13 Latest version is 1.8.4
2025-02-08 06:51:13 App is up to date.
2025-02-08 12:59:01 Checking for update using Github
2025-02-10 01:57:21 Loading main app package /usr/lib/obsidian/obsidian.asar
2025-02-10 01:57:21 Checking for update using Github
2025-02-10 01:57:21 Success.
2025-02-10 01:57:21 Latest version is 1.8.4
2025-02-10 01:57:21 App is up to date.
2025-02-10 02:44:43 Loading main app package /usr/lib/obsidian/obsidian.asar
2025-02-10 02:44:43 Checking for update using Github
2025-02-10 02:44:44 Success.
2025-02-10 02:44:44 Latest version is 1.8.4
2025-02-10 02:44:44 App is up to date.
2025-02-10 03:44:43 Checking for update using Github
2025-02-10 03:44:43 Success.
2025-02-10 03:44:43 Latest version is 1.8.4
2025-02-10 03:44:43 App is up to date.
2025-02-10 05:03:31 Checking for update using Github
2025-02-10 05:03:31 Success.
2025-02-10 05:03:31 Latest version is 1.8.4
2025-02-10 05:03:31 App is up to date.
2025-02-10 13:38:50 Checking for update using Github
2025-02-10 13:38:50 Success.
2025-02-10 13:38:50 Latest version is 1.8.4
2025-02-10 13:38:50 App is up to date.
2025-02-10 14:38:50 Checking for update using Github
2025-02-10 14:38:50 Success.
2025-02-10 14:38:50 Latest version is 1.8.4
2025-02-10 14:38:50 App is up to date.
2025-02-10 20:30:59 Checking for update using Github
2025-02-10 20:30:59 Success.
2025-02-10 20:30:59 Latest version is 1.8.4
2025-02-10 20:30:59 App is up to date.
2025-02-10 21:30:59 Checking for update using Github
2025-02-10 21:30:59 Success.
2025-02-10 21:30:59 Latest version is 1.8.4
2025-02-10 21:30:59 App is up to date.
2025-02-10 22:30:59 Checking for update using Github
2025-02-10 22:30:59 Success.
2025-02-10 22:30:59 Latest version is 1.8.4
2025-02-10 22:30:59 App is up to date.
2025-02-10 23:30:59 Checking for update using Github
2025-02-10 23:30:59 Success.
2025-02-10 23:30:59 Latest version is 1.8.4
2025-02-10 23:30:59 App is up to date.
2025-02-11 00:32:34 Checking for update using Github
2025-02-11 00:32:34 Success.
2025-02-11 00:32:34 Latest version is 1.8.4
2025-02-11 00:32:34 App is up to date.
2025-02-11 01:32:34 Checking for update using Github
2025-02-11 01:32:34 Success.
2025-02-11 01:32:34 Latest version is 1.8.4
2025-02-11 01:32:34 App is up to date.
2025-02-11 02:32:34 Checking for update using Github
2025-02-11 02:32:34 Success.
2025-02-11 02:32:34 Latest version is 1.8.4
2025-02-11 02:32:34 App is up to date.
2025-02-11 14:50:43 Checking for update using Github
2025-02-11 14:50:44 Success.
2025-02-11 14:50:44 Latest version is 1.8.4
2025-02-11 14:50:44 App is up to date.
2025-02-11 15:50:43 Checking for update using Github
2025-02-11 15:50:44 Success.
2025-02-11 15:50:44 Latest version is 1.8.4
2025-02-11 15:50:44 App is up to date.
2025-02-11 16:50:44 Checking for update using Github
2025-02-11 16:50:44 Success.
2025-02-11 16:50:44 Latest version is 1.8.4
2025-02-11 16:50:44 App is up to date.
2025-02-11 23:36:16 Checking for update using Github
2025-02-11 23:36:16 Success.
2025-02-11 23:36:16 Latest version is 1.8.4
2025-02-11 23:36:16 App is up to date.
2025-02-12 00:36:16 Checking for update using Github
2025-02-12 00:36:16 Success.
2025-02-12 00:36:16 Latest version is 1.8.4
2025-02-12 00:36:16 App is up to date.
2025-02-12 01:36:16 Checking for update using Github
2025-02-12 01:36:17 Success.
2025-02-12 01:36:17 Latest version is 1.8.4
2025-02-12 01:36:17 App is up to date.
2025-02-12 02:36:16 Checking for update using Github
2025-02-12 02:36:17 Success.
2025-02-12 02:36:17 Latest version is 1.8.4
2025-02-12 02:36:17 App is up to date.
2025-02-12 03:36:16 Checking for update using Github
2025-02-12 03:36:17 Success.
2025-02-12 03:36:17 Latest version is 1.8.4
2025-02-12 03:36:17 App is up to date.
2025-02-12 04:36:16 Checking for update using Github
2025-02-12 04:36:17 Success.
2025-02-12 04:36:17 Latest version is 1.8.4
2025-02-12 04:36:17 App is up to date.
2025-02-12 05:36:17 Checking for update using Github
2025-02-12 05:36:17 Success.
2025-02-12 05:36:17 Latest version is 1.8.4
2025-02-12 05:36:17 App is up to date.
2025-02-12 06:36:17 Checking for update using Github
2025-02-12 06:36:17 Success.
2025-02-12 06:36:17 Latest version is 1.8.4
2025-02-12 06:36:17 App is up to date.
2025-02-12 07:36:17 Checking for update using Github
2025-02-12 07:36:17 Success.
2025-02-12 07:36:17 Latest version is 1.8.4
2025-02-12 07:36:17 App is up to date.
2025-02-12 14:43:08 Checking for update using Github
2025-02-12 14:43:08 Success.
2025-02-12 14:43:08 Latest version is 1.8.4
2025-02-12 14:43:08 App is up to date.
2025-02-12 19:30:43 Checking for update using Github
2025-02-12 19:30:43 Success.
2025-02-12 19:30:43 Latest version is 1.8.4
2025-02-12 19:30:43 App is up to date.
2025-02-12 20:30:43 Checking for update using Github
2025-02-12 20:30:43 Success.
2025-02-12 20:30:43 Latest version is 1.8.4
2025-02-12 20:30:43 App is up to date.
2025-02-12 21:30:43 Checking for update using Github
2025-02-12 21:30:43 Success.
2025-02-12 21:30:43 Latest version is 1.8.4
2025-02-12 21:30:43 App is up to date.
2025-02-12 22:30:43 Checking for update using Github
2025-02-12 22:30:43 Success.
2025-02-12 22:30:43 Latest version is 1.8.4
2025-02-12 22:30:43 App is up to date.
2025-02-13 02:08:03 Checking for update using Github
2025-02-13 02:08:03 Success.
2025-02-13 02:08:03 Latest version is 1.8.4
2025-02-13 02:08:03 App is up to date.
2025-02-13 03:08:03 Checking for update using Github
2025-02-13 03:08:03 Success.
2025-02-13 03:08:03 Latest version is 1.8.4
2025-02-13 03:08:03 App is up to date.
2025-02-13 04:08:03 Checking for update using Github
2025-02-13 04:08:03 Success.
2025-02-13 04:08:03 Latest version is 1.8.4
2025-02-13 04:08:03 App is up to date.
2025-02-13 05:08:03 Checking for update using Github
2025-02-13 05:08:04 Success.
2025-02-13 05:08:04 Latest version is 1.8.4
2025-02-13 05:08:04 App is up to date.
2025-02-13 06:08:04 Checking for update using Github
2025-02-13 06:08:04 Success.
2025-02-13 06:08:04 Latest version is 1.8.4
2025-02-13 06:08:04 App is up to date.
2025-02-13 08:00:16 Checking for update using Github
2025-02-13 08:00:16 Success.
2025-02-13 08:00:16 Latest version is 1.8.4
2025-02-13 08:00:16 App is up to date.
2025-02-15 04:28:20 Loading main app package /usr/lib/obsidian/obsidian.asar
2025-02-15 04:28:20 Checking for update using Github
2025-02-15 04:28:20 Success.
2025-02-15 04:28:20 Latest version is 1.8.4
2025-02-15 04:28:20 App is up to date.
2025-02-15 05:28:20 Checking for update using Github
2025-02-15 05:28:20 Success.
2025-02-15 05:28:20 Latest version is 1.8.4
2025-02-15 05:28:20 App is up to date.
2025-02-15 15:36:52 Checking for update using Github
2025-02-15 15:36:52 Success.
2025-02-15 15:36:52 Latest version is 1.8.4
2025-02-15 15:36:52 App is up to date.
2025-02-15 16:36:52 Checking for update using Github
2025-02-15 16:36:52 Success.
2025-02-15 16:36:52 Latest version is 1.8.4
2025-02-15 16:36:52 App is up to date.
2025-02-15 17:36:52 Checking for update using Github
2025-02-15 17:36:52 Success.
2025-02-15 17:36:52 Latest version is 1.8.4
2025-02-15 17:36:52 App is up to date.
2025-02-16 03:12:25 Checking for update using Github
2025-02-16 03:12:25 Success.
2025-02-16 03:12:25 Latest version is 1.8.4
2025-02-16 03:12:25 App is up to date.
2025-02-16 09:26:51 Checking for update using Github
2025-02-16 09:26:51 Success.
2025-02-16 09:26:51 Latest version is 1.8.4
2025-02-16 09:26:51 App is up to date.
2025-02-18 09:24:40 Loading main app package /usr/lib/obsidian/obsidian.asar
2025-02-18 09:24:41 Checking for update using Github
2025-02-18 09:24:41 Success.
2025-02-18 09:24:41 Latest version is 1.8.4
2025-02-18 09:24:41 App is up to date.
2025-02-18 10:24:40 Checking for update using Github
2025-02-18 10:24:41 Success.
2025-02-18 10:24:41 Latest version is 1.8.4
2025-02-18 10:24:41 App is up to date.
2025-02-18 11:24:41 Checking for update using Github
2025-02-18 11:24:41 Success.
2025-02-18 11:24:41 Latest version is 1.8.4
2025-02-18 11:24:41 App is up to date.
2025-02-19 23:11:13 Loading main app package /usr/lib/obsidian/obsidian.asar
2025-02-19 23:11:13 Checking for update using Github
2025-02-19 23:11:13 Success.
2025-02-19 23:11:13 Latest version is 1.8.7
2025-02-19 23:11:13 App is up to date.
2025-02-20 00:11:13 Checking for update using Github
2025-02-20 00:11:13 Success.
2025-02-20 00:11:13 Latest version is 1.8.7
2025-02-20 00:11:13 App is up to date.
2025-02-20 01:11:13 Checking for update using Github
2025-02-20 01:11:13 Success.
2025-02-20 01:11:13 Latest version is 1.8.7
2025-02-20 01:11:13 App is up to date.
2025-02-20 03:09:29 Checking for update using Github
2025-02-20 03:09:29 Success.
2025-02-20 03:09:29 Latest version is 1.8.7
2025-02-20 03:09:29 App is up to date.
2025-02-20 04:26:22 Checking for update using Github
2025-02-20 04:26:22 Success.
2025-02-20 04:26:22 Latest version is 1.8.7
2025-02-20 04:26:22 App is up to date.
2025-02-20 08:05:36 Checking for update using Github
2025-02-20 08:05:37 Success.
2025-02-20 08:05:37 Latest version is 1.8.7
2025-02-20 08:05:37 App is up to date.
2025-02-20 09:59:18 Checking for update using Github
2025-02-20 09:59:18 Success.
2025-02-20 09:59:18 Latest version is 1.8.7
2025-02-20 09:59:18 App is up to date.
2025-02-20 10:59:18 Checking for update using Github
2025-02-20 10:59:18 Success.
2025-02-20 10:59:18 Latest version is 1.8.7
2025-02-20 10:59:18 App is up to date.
2025-02-20 13:12:49 Checking for update using Github
2025-02-20 13:12:49 Success.
2025-02-20 13:12:49 Latest version is 1.8.7
2025-02-20 13:12:49 App is up to date.
2025-02-20 14:39:33 Checking for update using Github
2025-02-20 14:39:34 Success.
2025-02-20 14:39:34 Latest version is 1.8.7
2025-02-20 14:39:34 App is up to date.
2025-02-20 15:39:34 Checking for update using Github
2025-02-20 15:39:34 Success.
2025-02-20 15:39:34 Latest version is 1.8.7
2025-02-20 15:39:34 App is up to date.
2025-02-20 16:39:34 Checking for update using Github
2025-02-20 16:39:34 Success.
2025-02-20 16:39:34 Latest version is 1.8.7
2025-02-20 16:39:34 App is up to date.
2025-02-20 17:39:34 Checking for update using Github
2025-02-20 17:39:34 Success.
2025-02-20 17:39:34 Latest version is 1.8.7
2025-02-20 17:39:34 App is up to date.
2025-02-21 09:19:09 Loading main app package /usr/lib/obsidian/obsidian.asar
2025-02-21 09:19:09 Checking for update using Github
2025-02-21 09:19:09 Checking for update using Github
2025-02-21 09:19:09 Success.
2025-02-21 09:19:09 Latest version is 1.8.7
2025-02-21 09:19:09 App is up to date.
2025-02-21 10:19:11 Checking for update using Github
2025-02-21 10:19:11 Success.
2025-02-21 10:19:11 Latest version is 1.8.7
2025-02-21 10:19:11 App is up to date.
2025-02-21 11:19:11 Checking for update using Github
2025-02-21 11:19:11 Success.
2025-02-21 11:19:11 Latest version is 1.8.7
2025-02-21 11:19:11 App is up to date.
2025-02-21 12:22:26 Checking for update using Github
2025-02-21 12:22:26 Success.
2025-02-21 12:22:26 Latest version is 1.8.7
2025-02-21 12:22:26 App is up to date.
2025-02-21 19:31:57 Checking for update using Github
2025-02-21 19:31:57 Success.
2025-02-21 19:31:57 Latest version is 1.8.7
2025-02-21 19:31:57 App is up to date.
2025-02-22 06:19:33 Loading main app package /usr/lib/obsidian/obsidian.asar
2025-02-22 06:19:33 Checking for update using Github
2025-02-22 06:19:33 Success.
2025-02-22 06:19:33 Latest version is 1.8.7
2025-02-22 06:19:33 App is up to date.
2025-02-22 07:19:33 Checking for update using Github
2025-02-22 07:19:33 Success.
2025-02-22 07:19:33 Latest version is 1.8.7
2025-02-22 07:19:33 App is up to date.
2025-02-22 14:10:06 Checking for update using Github
2025-02-22 14:10:06 Success.
2025-02-22 14:10:06 Latest version is 1.8.7
2025-02-22 14:10:06 App is up to date.
2025-02-23 01:10:15 Checking for update using Github
2025-02-23 01:10:15 Success.
2025-02-23 01:10:15 Latest version is 1.8.7
2025-02-23 01:10:15 App is up to date.
2025-02-23 02:10:15 Checking for update using Github
2025-02-23 02:10:15 Success.
2025-02-23 02:10:15 Latest version is 1.8.7
2025-02-23 02:10:15 App is up to date.
2025-02-23 03:10:15 Checking for update using Github
2025-02-23 03:10:15 Success.
2025-02-23 03:10:15 Latest version is 1.8.7
2025-02-23 03:10:15 App is up to date.
2025-02-23 04:10:15 Checking for update using Github
2025-02-23 04:10:15 Success.
2025-02-23 04:10:15 Latest version is 1.8.7
2025-02-23 04:10:15 App is up to date.
2025-02-23 05:10:15 Checking for update using Github
2025-02-23 05:10:15 Success.
2025-02-23 05:10:15 Latest version is 1.8.7
2025-02-23 05:10:15 App is up to date.
2025-02-23 06:33:30 Checking for update using Github
2025-02-23 06:39:05 Loading main app package /usr/lib/obsidian/obsidian.asar
2025-02-23 06:39:05 Checking for update using Github
2025-02-23 06:39:05 Success.
2025-02-23 06:39:05 Latest version is 1.8.7
2025-02-23 06:39:05 App is up to date.
2025-02-23 07:39:05 Checking for update using Github
2025-02-23 07:39:05 Success.
2025-02-23 07:39:05 Latest version is 1.8.7
2025-02-23 07:39:05 App is up to date.
2025-02-23 08:39:05 Checking for update using Github
2025-02-23 08:39:05 Success.
2025-02-23 08:39:05 Latest version is 1.8.7
2025-02-23 08:39:05 App is up to date.
2025-02-23 14:28:45 Checking for update using Github
2025-02-23 14:28:45 Success.
2025-02-23 14:28:45 Latest version is 1.8.7
2025-02-23 14:28:45 App is up to date.
2025-02-24 01:59:43 Checking for update using Github
2025-02-24 01:59:43 Success.
2025-02-24 01:59:43 Latest version is 1.8.7
2025-02-24 01:59:43 App is up to date.
2025-02-24 04:00:01 Loading main app package /usr/lib/obsidian/obsidian.asar
2025-02-24 04:00:01 Checking for update using Github
2025-02-24 04:00:02 Success.
2025-02-24 04:00:02 Latest version is 1.8.7
2025-02-24 04:00:02 App is up to date.
2025-02-24 05:00:01 Checking for update using Github
2025-02-24 05:00:01 Success.
2025-02-24 05:00:01 Latest version is 1.8.7
2025-02-24 05:00:01 App is up to date.
